<?xml version="1.0" encoding="UTF-8"?>
<!-- Generated by org.testng.reporters.JUnitReportReporter -->
<testsuite hostname="LAPTOP-0NFTC7NS" failures="0" tests="2" name="Tests.SeleniumTest" time="0.897" errors="0" timestamp="2024-02-09T18:49:04 CET" skipped="0">
  <testcase classname="Tests.SeleniumTest" name="UploadFile_Test" time="0.400">
    <system-out>
      <![CDATA[File is uploaded to the website.
The browser is closed.]]>
    </system-out>
  </testcase> <!-- UploadFile_Test -->
  <testcase classname="Tests.SeleniumTest" name="OpenSelectWindow_Test" time="0.497">
    <system-out>
      <![CDATA[File upload button is clicked.
File is chosen.]]>
    </system-out>
  </testcase> <!-- OpenSelectWindow_Test -->
  <system-out>
    <![CDATA[The browser is opened.
File upload button is clicked.
File is chosen.
File is uploaded to the website.
The browser is closed.]]>
  </system-out>
</testsuite> <!-- Tests.SeleniumTest -->
